=== Thu Oct 16 18:58:24 UTC 2025 ===
0, 2213, 7
1, 12352, 86
=== Thu Oct 16 18:58:34 UTC 2025 ===
0, 2213, 6
1, 12358, 99
=== Thu Oct 16 18:58:44 UTC 2025 ===
0, 2213, 9
1, 12358, 86
=== Thu Oct 16 18:58:55 UTC 2025 ===
0, 2213, 7
1, 12508, 97
=== Thu Oct 16 18:59:05 UTC 2025 ===
0, 2213, 6
1, 15584, 96
=== Thu Oct 16 18:59:15 UTC 2025 ===
0, 2213, 8
1, 15584, 90
=== Thu Oct 16 18:59:25 UTC 2025 ===
0, 2213, 8
1, 15584, 95
=== Thu Oct 16 18:59:36 UTC 2025 ===
0, 2213, 3
1, 15584, 90
=== Thu Oct 16 18:59:46 UTC 2025 ===
0, 2213, 6
1, 15584, 97
=== Thu Oct 16 18:59:56 UTC 2025 ===
0, 2213, 14
1, 15584, 95
=== Thu Oct 16 19:00:07 UTC 2025 ===
0, 2213, 9
1, 15584, 81
=== Thu Oct 16 19:00:17 UTC 2025 ===
0, 2213, 8
1, 15584, 97
=== Thu Oct 16 19:00:27 UTC 2025 ===
0, 2213, 10
1, 15584, 97
=== Thu Oct 16 19:00:38 UTC 2025 ===
0, 2213, 8
1, 15584, 96
=== Thu Oct 16 19:00:48 UTC 2025 ===
0, 2214, 7
1, 15584, 64
=== Thu Oct 16 19:00:58 UTC 2025 ===
0, 2214, 6
1, 15584, 97
=== Thu Oct 16 19:01:08 UTC 2025 ===
0, 2214, 6
1, 15584, 94
=== Thu Oct 16 19:01:18 UTC 2025 ===
0, 2214, 7
1, 15586, 97
